<?xml version="1.0" encoding="UTF-8"?>
<!-- Generated by org.testng.reporters.JUnitXMLReporter -->
<testsuite ignored="3" hostname="Gautham-Laptop" failures="0" tests="2" name="test5" time="0.037" errors="0" timestamp="2021-03-19T20:45:26 IST">
  <testcase classname="TechM.TestNG.TestNG4" name="passTC1" time="0.001"/>
  <testcase classname="TechM.TestNG.TestNG4" name="passTC2" time="0.0"/>
  <testcase classname="TechM.TestNG.TestNG4" name="failTC1" time="0.0">
    <ignored/>
  </testcase> <!-- failTC1 -->
  <testcase classname="TechM.TestNG.TestNG4" name="runFinal" time="0.0">
    <ignored/>
  </testcase> <!-- runFinal -->
  <testcase classname="TechM.TestNG.TestNG4" name="failTC2" time="0.0">
    <ignored/>
  </testcase> <!-- failTC2 -->
</testsuite> <!-- test5 -->
