<?xml version="1.0" encoding="UTF-8"?>
<testsuite xmlns:xsi="http://www.w3.org/2001/XMLSchema-instance" xsi:noNamespaceSchemaLocation="https://maven.apache.org/surefire/maven-surefire-plugin/xsd/surefire-test-report-3.0.xsd" version="3.0" name="TestSuite" time="0.528" tests="12" errors="0" skipped="0" failures="0">
  <properties>
[...]
</properties>
  <testcase name="passTC1" classname="TechM.TestNG.TestNG4" time="0.003">
    <system-out><![CDATA[before test
before test
before test
before test
before test
before method
before method
before method
before method
before method
before pass group
passed tc 1
test name is test9
test name is test4
test name is test7
test name is test3
SAMPLE METHOD
SAMPLE METHOD
SAMPLE METHOD
SAMPLE METHOD
test name is test8
SAMPLE METHOD
]]></system-out>
  </testcase>
  <testcase name="passTC2" classname="TechM.TestNG.TestNG4" time="0">
    <system-out><![CDATA[passed tc 2
]]></system-out>
  </testcase>
  <testcase name="Test1[org.testng.TestRunner@aa80150](1)" classname="TechM.TestNG.check" time="0.005"/>
  <testcase name="Test1[org.testng.TestRunner@1ded539c](1)" classname="TechM.TestNG.check" time="0.005"/>
  <testcase name="Test1[org.testng.TestRunner@6dc0af24](1)" classname="TechM.TestNG.check" time="0.005"/>
  <testcase name="Test2" classname="TechM.TestNG.check" time="0">
    <system-out><![CDATA[before method
before method
before method
test 2
test 2
SAMPLE METHOD
SAMPLE METHOD
SAMPLE METHOD
SAMPLE METHOD
SAMPLE METHOD
SAMPLE METHOD
]]></system-out>
  </testcase>
  <testcase name="Test2" classname="TechM.TestNG.check" time="0.002">
    <system-out><![CDATA[test 2
after pass group
SAMPLE METHOD
SAMPLE METHOD
SAMPLE METHOD
]]></system-out>
  </testcase>
  <testcase name="Test2" classname="TechM.TestNG.check" time="0.002"/>
  <testcase name="Test2" classname="TechM.TestNG.check" time="0.001">
    <system-out><![CDATA[before method
before method
test 2
SAMPLE METHOD
SAMPLE METHOD
SAMPLE METHOD
]]></system-out>
  </testcase>
  <testcase name="Test2" classname="TechM.TestNG.check" time="0.004">
    <system-out><![CDATA[test 2
SAMPLE METHOD
SAMPLE METHOD
SAMPLE METHOD
]]></system-out>
  </testcase>
  <testcase name="Test1[org.testng.TestRunner@68e64c56](1)" classname="TechM.TestNG.check" time="0.002"/>
  <testcase name="Test1[org.testng.TestRunner@2b63ac87](1)" classname="TechM.TestNG.check" time="0.002"/>
</testsuite>